Using pre-set license
Built from '2021.3/staging' branch; Version is '2021.3.45f1 (0da89fac8e79) revision 895135'; Using compiler version '192829333'; Build Type 'Release'
OS: 'Windows 11  (10.0.26200) 64bit Professional' Language: 'en' Physical Memory: 8019 MB
BatchMode: 1, IsHumanControllingUs: 0, StartBugReporterOnCrash: 0, Is64bit: 1, IsPro: 1

COMMAND LINE ARGUMENTS:
C:\Program Files\Unity\Hub\Editor\2021.3.45f1\Editor\Unity.exe
-adb2
-batchMode
-noUpm
-name
AssetImportWorker0
-projectPath
E:/Projects/SoloSousChef
-logFile
Logs/AssetImportWorker0.log
-srvPort
60008
Successfully changed project path to: E:/Projects/SoloSousChef
E:/Projects/SoloSousChef
[UnityMemory] Configuration Parameters - Can be set up in boot.config
    "memorysetup-bucket-allocator-granularity=16"
    "memorysetup-bucket-allocator-bucket-count=8"
    "memorysetup-bucket-allocator-block-size=33554432"
    "memorysetup-bucket-allocator-block-count=8"
    "memorysetup-main-allocator-block-size=16777216"
    "memorysetup-thread-allocator-block-size=16777216"
    "memorysetup-gfx-main-allocator-block-size=16777216"
    "memorysetup-gfx-thread-allocator-block-size=16777216"
    "memorysetup-cache-allocator-block-size=4194304"
    "memorysetup-typetree-allocator-block-size=2097152"
    "memorysetup-profiler-bucket-allocator-granularity=16"
    "memorysetup-profiler-bucket-allocator-bucket-count=8"
    "memorysetup-profiler-bucket-allocator-block-size=33554432"
    "memorysetup-profiler-bucket-allocator-block-count=8"
    "memorysetup-profiler-allocator-block-size=16777216"
    "memorysetup-profiler-editor-allocator-block-size=1048576"
    "memorysetup-temp-allocator-size-main=16777216"
    "memorysetup-job-temp-allocator-block-size=2097152"
    "memorysetup-job-temp-allocator-block-size-background=1048576"
    "memorysetup-job-temp-allocator-reduction-small-platforms=262144"
    "memorysetup-temp-allocator-size-background-worker=32768"
    "memorysetup-temp-allocator-size-job-worker=262144"
    "memorysetup-temp-allocator-size-preload-manager=33554432"
    "memorysetup-temp-allocator-size-nav-mesh-worker=65536"
    "memorysetup-temp-allocator-size-audio-worker=65536"
    "memorysetup-temp-allocator-size-cloud-worker=32768"
    "memorysetup-temp-allocator-size-gi-baking-worker=262144"
    "memorysetup-temp-allocator-size-gfx=262144"
Player connection [33880] Host "[IP] 192.168.0.109 [Port] 0 [Flags] 2 [Guid] 1814581423 [EditorId] 1814581423 [Version] 1048832 [Id] WindowsEditor(7,DESKTOP-LLCBIQB) [Debug] 1 [PackageName] WindowsEditor [ProjectName] Editor" joined multi-casting on [225.0.0.222:54997]...

Player connection [33880] Host "[IP] 192.168.0.109 [Port] 0 [Flags] 2 [Guid] 1814581423 [EditorId] 1814581423 [Version] 1048832 [Id] WindowsEditor(7,DESKTOP-LLCBIQB) [Debug] 1 [PackageName] WindowsEditor [ProjectName] Editor" joined alternative multi-casting on [225.0.0.222:34997]...

[Physics::Module] Initialized MultithreadedJobDispatcher with {0} workers.
Refreshing native plugins compatible for Editor in 269.20 ms, found 3 plugins.
Preloading 0 native plugins for Editor in 0.00 ms.
Initialize engine version: 2021.3.45f1 (0da89fac8e79)
[Subsystems] Discovering subsystems at path C:/Program Files/Unity/Hub/Editor/2021.3.45f1/Editor/Data/Resources/UnitySubsystems
[Subsystems] Discovering subsystems at path E:/Projects/SoloSousChef/Assets
GfxDevice: creating device client; threaded=0; jobified=0
Direct3D:
    Version:  Direct3D 11.0 [level 11.0]
    Renderer: NVIDIA GeForce MX130 (ID=0x174d)
    Vendor:   NVIDIA
    VRAM:     2008 MB
    Driver:   31.0.15.2892
Initialize mono
Mono path[0] = 'C:/Program Files/Unity/Hub/Editor/2021.3.45f1/Editor/Data/Managed'
Mono path[1] = 'C:/Program Files/Unity/Hub/Editor/2021.3.45f1/Editor/Data/MonoBleedingEdge/lib/mono/unityjit-win32'
Mono config path = 'C:/Program Files/Unity/Hub/Editor/2021.3.45f1/Editor/Data/MonoBleedingEdge/etc'
Using monoOptions --debugger-agent=transport=dt_socket,embedding=1,server=y,suspend=n,address=127.0.0.1:56952
Begin MonoManager ReloadAssembly
Registering precompiled unity dll's ...
Register platform support module: C:/Program Files/Unity/Hub/Editor/2021.3.45f1/Editor/Data/PlaybackEngines/AndroidPlayer/UnityEditor.Android.Extensions.dll
Register platform support module: C:/Program Files/Unity/Hub/Editor/2021.3.45f1/Editor/Data/PlaybackEngines/WindowsStandaloneSupport/UnityEditor.WindowsStandalone.Extensions.dll
Registered in 0.011282 seconds.
Native extension for WindowsStandalone target not found
Native extension for Android target not found
Android Extension - Scanning For ADB Devices 571 ms
Refreshing native plugins compatible for Editor in 181.25 ms, found 3 plugins.
Preloading 0 native plugins for Editor in 0.00 ms.
Mono: successfully reloaded assembly
- Completed reload, in  2.215 seconds
Domain Reload Profiling:
	ReloadAssembly (2217ms)
		BeginReloadAssembly (204ms)
			ExecutionOrderSort (0ms)
			DisableScriptedObjects (0ms)
			BackupInstance (0ms)
			ReleaseScriptingObjects (0ms)
			CreateAndSetChildDomain (1ms)
		EndReloadAssembly (1829ms)
			LoadAssemblies (199ms)
			RebuildTransferFunctionScriptingTraits (0ms)
			SetupTypeCache (208ms)
			ReleaseScriptCaches (0ms)
			RebuildScriptCaches (60ms)
			SetupLoadedEditorAssemblies (1482ms)
				LogAssemblyErrors (0ms)
				InitializePlatformSupportModulesInManaged (699ms)
				SetLoadedEditorAssemblies (1ms)
				RefreshPlugins (181ms)
				BeforeProcessingInitializeOnLoad (5ms)
				ProcessInitializeOnLoadAttributes (286ms)
				ProcessInitializeOnLoadMethodAttributes (310ms)
				AfterProcessingInitializeOnLoad (0ms)
				EditorAssembliesLoaded (0ms)
			ExecutionOrderSort2 (0ms)
			AwakeInstancesAfterBackupRestoration (0ms)
Platform modules already initialized, skipping
Registering precompiled user dll's ...
Registered in 0.010729 seconds.
Begin MonoManager ReloadAssembly
Native extension for WindowsStandalone target not found
Native extension for Android target not found
Refreshing native plugins compatible for Editor in 1.94 ms, found 3 plugins.
Preloading 0 native plugins for Editor in 0.00 ms.
Package Manager log level set to [2]
[Package Manager] Server::EnsureServerProcessIsRunning -- launch failed, reason: Unity was launched with the -noUpm command-line argument
[Package Manager] Cannot connect to Unity Package Manager local server
Mono: successfully reloaded assembly
- Completed reload, in  3.550 seconds
Domain Reload Profiling:
	ReloadAssembly (3553ms)
		BeginReloadAssembly (352ms)
			ExecutionOrderSort (0ms)
			DisableScriptedObjects (18ms)
			BackupInstance (0ms)
			ReleaseScriptingObjects (0ms)
			CreateAndSetChildDomain (63ms)
		EndReloadAssembly (3015ms)
			LoadAssemblies (214ms)
			RebuildTransferFunctionScriptingTraits (0ms)
			SetupTypeCache (699ms)
			ReleaseScriptCaches (1ms)
			RebuildScriptCaches (107ms)
			SetupLoadedEditorAssemblies (1825ms)
				LogAssemblyErrors (0ms)
				InitializePlatformSupportModulesInManaged (72ms)
				SetLoadedEditorAssemblies (2ms)
				RefreshPlugins (2ms)
				BeforeProcessingInitializeOnLoad (239ms)
				ProcessInitializeOnLoadAttributes (1452ms)
				ProcessInitializeOnLoadMethodAttributes (40ms)
				AfterProcessingInitializeOnLoad (16ms)
				EditorAssembliesLoaded (1ms)
			ExecutionOrderSort2 (0ms)
			AwakeInstancesAfterBackupRestoration (17ms)
Platform modules already initialized, skipping
========================================================================
Worker process is ready to serve import requests
Launched and connected shader compiler UnityShaderCompiler.exe after 0.14 seconds
Refreshing native plugins compatible for Editor in 1.91 ms, found 3 plugins.
Preloading 0 native plugins for Editor in 0.00 ms.
Unloading 3145 Unused Serialized files (Serialized files now loaded: 0)
Unloading 26 unused Assets / (46.5 KB). Loaded Objects now: 3613.
Memory consumption went from 111.0 MB to 110.9 MB.
Total: 12.675400 ms (FindLiveObjects: 0.827900 ms CreateObjectMapping: 0.630100 ms MarkObjects: 10.928700 ms  DeleteObjects: 0.285000 ms)

AssetImportParameters requested are different than current active one (requested -> active):
  custom:video-decoder-ogg-theora: a1e56fd34408186e4bbccfd4996cb3dc -> 
  custom:container-muxer-webm: aa71ff27fc2769a1b78a27578f13a17b -> 
  custom:container-demuxer-webm: 4f35f7cbe854078d1ac9338744f61a02 -> 
  custom:video-encoder-webm-vp8: eb34c28f22e8b96e1ab97ce403110664 -> 
  custom:video-codec-MediaFoundation-h265: 746d11721c4dcdbdad8f713fa42b33f4 -> 
  custom:CustomObjectIndexerAttribute: bc11b3a6c3213fcdd17b65e7da85e133 -> 
  custom:audio-encoder-webm-vorbis: bf7c407c2cedff20999df2af8eb42d56 -> 
  custom:framework-win-MediaFoundation: 216162199b28c13a410421893ffa2e32 -> 
  custom:SearchIndexIgnoredProperties: e643bd26f0fe6173181afceb89e7c659 -> 
  custom:container-demuxer-ogg: 62fdf1f143b41e24485cea50d1cbac27 -> 
  custom:video-decoder-webm-vp8: 9c59270c3fd7afecdb556c50c9e8de78 -> 
  custom:audio-decoder-ogg-vorbis: bf7c407c2cedff20999df2af8eb42d56 -> 
========================================================================
Received Import Request.
  Time since last request: 263471.494001 seconds.
  path: Assets/Prefabs/HUDArea.prefab
  artifactKey: Guid(6636026cc57485044be4b0d979d7c4b6) Importer(815301076,1909f56bfc062723c751e8b465ee728b)
Number of updated assets reloaded before import = 0
Start importing Assets/Prefabs/HUDArea.prefab using Guid(6636026cc57485044be4b0d979d7c4b6) Importer(815301076,1909f56bfc062723c751e8b465ee728b)  -> (artifact id: '6a356410d0a373bc0df64aad2c7e71a6') in 0.877803 seconds 
Number of asset objects unloaded after import = 59
========================================================================
Received Import Request.
  Time since last request: 24.042772 seconds.
  path: Assets/Prefabs/OrderArea.prefab
  artifactKey: Guid(2271ec0eb3575e14894a39016796d6ca) Importer(815301076,1909f56bfc062723c751e8b465ee728b)
Number of updated assets reloaded before import = 0
Start importing Assets/Prefabs/OrderArea.prefab using Guid(2271ec0eb3575e14894a39016796d6ca) Importer(815301076,1909f56bfc062723c751e8b465ee728b)  -> (artifact id: '7e5a077dca8bfd7f2ad097863423224e') in 0.512839 seconds 
Number of asset objects unloaded after import = 208
========================================================================
Received Import Request.
  Time since last request: 9.544988 seconds.
  path: Assets/Prefabs/UIPrefabs
  artifactKey: Guid(61307303ffbf6e4419e6a48e91f02022) Importer(815301076,1909f56bfc062723c751e8b465ee728b)
Number of updated assets reloaded before import = 0
Start importing Assets/Prefabs/UIPrefabs using Guid(61307303ffbf6e4419e6a48e91f02022) Importer(815301076,1909f56bfc062723c751e8b465ee728b)  -> (artifact id: '51a4ca8e3623a14e9949bcc86006f2b4') in 0.037300 seconds 
Number of asset objects unloaded after import = 0
========================================================================
Received Import Request.
  Time since last request: 57.301914 seconds.
  path: Assets/Prefabs/Generic/ActionButton.prefab
  artifactKey: Guid(41cb95fd187fa7e4c9d756906182babe) Importer(815301076,1909f56bfc062723c751e8b465ee728b)
Number of updated assets reloaded before import = 0
Start importing Assets/Prefabs/Generic/ActionButton.prefab using Guid(41cb95fd187fa7e4c9d756906182babe) Importer(815301076,1909f56bfc062723c751e8b465ee728b)  -> (artifact id: '82156efa7745ddd592b0ac930de9d8cd') in 0.128272 seconds 
Number of asset objects unloaded after import = 22
========================================================================
Received Import Request.
  Time since last request: 11.562713 seconds.
  path: Assets/Prefabs/Kitchen
  artifactKey: Guid(3cb6c8c43254d71499a9ace82103905b) Importer(815301076,1909f56bfc062723c751e8b465ee728b)
Number of updated assets reloaded before import = 0
Start importing Assets/Prefabs/Kitchen using Guid(3cb6c8c43254d71499a9ace82103905b) Importer(815301076,1909f56bfc062723c751e8b465ee728b)  -> (artifact id: '170407029aca3e3c6bcc77ebc5392901') in 0.015942 seconds 
Number of asset objects unloaded after import = 0
========================================================================
Received Import Request.
  Time since last request: 4.500574 seconds.
  path: Assets/Prefabs/Kitchen/Stove.prefab
  artifactKey: Guid(e826d417dd02ec049a2f5ee2b81200de) Importer(815301076,1909f56bfc062723c751e8b465ee728b)
Number of updated assets reloaded before import = 0
Start importing Assets/Prefabs/Kitchen/Stove.prefab using Guid(e826d417dd02ec049a2f5ee2b81200de) Importer(815301076,1909f56bfc062723c751e8b465ee728b)  -> (artifact id: 'd1861e27ed79fbde7b9d951d908cac8e') in 0.406005 seconds 
Number of asset objects unloaded after import = 51
========================================================================
Received Import Request.
  Time since last request: 15.309186 seconds.
  path: Assets/Prefabs/Kitchen/KitchenLayout.prefab
  artifactKey: Guid(55d6e2a09c139214d958a6f42d74642c) Importer(815301076,1909f56bfc062723c751e8b465ee728b)
Number of updated assets reloaded before import = 0
Start importing Assets/Prefabs/Kitchen/KitchenLayout.prefab using Guid(55d6e2a09c139214d958a6f42d74642c) Importer(815301076,1909f56bfc062723c751e8b465ee728b)  -> (artifact id: '755d9f9f59a9f3a1e847772cec52f958') in 0.280936 seconds 
Number of asset objects unloaded after import = 176
========================================================================
Received Import Request.
  Time since last request: 9.224338 seconds.
  path: Assets/Prefabs/Kitchen/Refrigerator.prefab
  artifactKey: Guid(e71d7b27d68ee2244bb61c5f74f63234) Importer(815301076,1909f56bfc062723c751e8b465ee728b)
Number of updated assets reloaded before import = 0
Start importing Assets/Prefabs/Kitchen/Refrigerator.prefab using Guid(e71d7b27d68ee2244bb61c5f74f63234) Importer(815301076,1909f56bfc062723c751e8b465ee728b)  -> (artifact id: '0d500fbf0ecc7b95c5ebde2633f39134') in 0.121821 seconds 
Number of asset objects unloaded after import = 48
========================================================================
Received Import Request.
  Time since last request: 6.532586 seconds.
  path: Assets/Prefabs/Kitchen/TrashCan.prefab
  artifactKey: Guid(3e79730269cebef4a8fe7cc650a99abf) Importer(815301076,1909f56bfc062723c751e8b465ee728b)
Number of updated assets reloaded before import = 0
Start importing Assets/Prefabs/Kitchen/TrashCan.prefab using Guid(3e79730269cebef4a8fe7cc650a99abf) Importer(815301076,1909f56bfc062723c751e8b465ee728b)  -> (artifact id: '3df68e3a435537685d9a547bf320c354') in 0.026665 seconds 
Number of asset objects unloaded after import = 13
========================================================================
Received Import Request.
  Time since last request: 17.954059 seconds.
  path: Assets/Prefabs/Materials
  artifactKey: Guid(cc7b285c5cbe4244b9560bee63d722d4) Importer(815301076,1909f56bfc062723c751e8b465ee728b)
Number of updated assets reloaded before import = 0
Start importing Assets/Prefabs/Materials using Guid(cc7b285c5cbe4244b9560bee63d722d4) Importer(815301076,1909f56bfc062723c751e8b465ee728b)  -> (artifact id: 'fd9a08ddddb176eab39b1828712ca251') in 0.037391 seconds 
Number of asset objects unloaded after import = 0
========================================================================
Received Import Request.
  Time since last request: 18.545130 seconds.
  path: Assets/Prefabs/UIScreens/HUDArea.prefab
  artifactKey: Guid(6636026cc57485044be4b0d979d7c4b6) Importer(815301076,1909f56bfc062723c751e8b465ee728b)
Number of updated assets reloaded before import = 0
Start importing Assets/Prefabs/UIScreens/HUDArea.prefab using Guid(6636026cc57485044be4b0d979d7c4b6) Importer(815301076,1909f56bfc062723c751e8b465ee728b)  -> (artifact id: 'f4fb4a3b32904e343c745c35b8ede642') in 0.062448 seconds 
Number of asset objects unloaded after import = 59
========================================================================
Received Import Request.
  Time since last request: 8.289869 seconds.
  path: Assets/Resources
  artifactKey: Guid(3ce20819855dc9e4ca7f9d3398fa0559) Importer(815301076,1909f56bfc062723c751e8b465ee728b)
Number of updated assets reloaded before import = 0
Start importing Assets/Resources using Guid(3ce20819855dc9e4ca7f9d3398fa0559) Importer(815301076,1909f56bfc062723c751e8b465ee728b)  -> (artifact id: '13cd55b0411fac2bde01a7f20b59b494') in 0.027985 seconds 
Number of asset objects unloaded after import = 0
========================================================================
Received Import Request.
  Time since last request: 3.932689 seconds.
  path: Assets/Scenes/FreshStart.unity
  artifactKey: Guid(47650185867940f439f364ba7112c48b) Importer(815301076,1909f56bfc062723c751e8b465ee728b)
Number of updated assets reloaded before import = 0
Start importing Assets/Scenes/FreshStart.unity using Guid(47650185867940f439f364ba7112c48b) Importer(815301076,1909f56bfc062723c751e8b465ee728b)  -> (artifact id: '61b9833b1260cc88e9a5d8bb18d9712f') in 0.027424 seconds 
Number of asset objects unloaded after import = 0
========================================================================
Received Import Request.
  Time since last request: 10.398578 seconds.
  path: Assets/Canvas.unity
  artifactKey: Guid(f17f92b184eeb4b49acf4c541376e4aa) Importer(815301076,1909f56bfc062723c751e8b465ee728b)
Number of updated assets reloaded before import = 0
Start importing Assets/Canvas.unity using Guid(f17f92b184eeb4b49acf4c541376e4aa) Importer(815301076,1909f56bfc062723c751e8b465ee728b)  -> (artifact id: 'cb57e6c716db7b17a09ac50fa4e3c6c4') in 0.024079 seconds 
Number of asset objects unloaded after import = 0
========================================================================
Received Prepare
Registering precompiled user dll's ...
Registered in 0.010082 seconds.
Begin MonoManager ReloadAssembly
Native extension for WindowsStandalone target not found
Native extension for Android target not found
Refreshing native plugins compatible for Editor in 1.44 ms, found 3 plugins.
Preloading 0 native plugins for Editor in 0.00 ms.
[Package Manager] Server::EnsureServerProcessIsRunning -- launch failed, reason: Unity was launched with the -noUpm command-line argument
[Package Manager] Cannot connect to Unity Package Manager local server
Mono: successfully reloaded assembly
- Completed reload, in  4.084 seconds
Domain Reload Profiling:
	ReloadAssembly (4086ms)
		BeginReloadAssembly (390ms)
			ExecutionOrderSort (0ms)
			DisableScriptedObjects (12ms)
			BackupInstance (0ms)
			ReleaseScriptingObjects (0ms)
			CreateAndSetChildDomain (97ms)
		EndReloadAssembly (3429ms)
			LoadAssemblies (276ms)
			RebuildTransferFunctionScriptingTraits (0ms)
			SetupTypeCache (913ms)
			ReleaseScriptCaches (2ms)
			RebuildScriptCaches (111ms)
			SetupLoadedEditorAssemblies (2036ms)
				LogAssemblyErrors (0ms)
				InitializePlatformSupportModulesInManaged (51ms)
				SetLoadedEditorAssemblies (1ms)
				RefreshPlugins (2ms)
				BeforeProcessingInitializeOnLoad (222ms)
				ProcessInitializeOnLoadAttributes (1683ms)
				ProcessInitializeOnLoadMethodAttributes (59ms)
				AfterProcessingInitializeOnLoad (17ms)
				EditorAssembliesLoaded (0ms)
			ExecutionOrderSort2 (0ms)
			AwakeInstancesAfterBackupRestoration (18ms)
Platform modules already initialized, skipping
Refreshing native plugins compatible for Editor in 1.60 ms, found 3 plugins.
Preloading 0 native plugins for Editor in 0.00 ms.
Unloading 3125 Unused Serialized files (Serialized files now loaded: 0)
Unloading 23 unused Assets / (23.5 KB). Loaded Objects now: 3617.
Memory consumption went from 109.5 MB to 109.5 MB.
Total: 4.565100 ms (FindLiveObjects: 0.338700 ms CreateObjectMapping: 0.282600 ms MarkObjects: 3.882000 ms  DeleteObjects: 0.060600 ms)

AssetImportParameters requested are different than current active one (requested -> active):
  custom:video-decoder-ogg-theora: a1e56fd34408186e4bbccfd4996cb3dc -> 
  custom:container-muxer-webm: aa71ff27fc2769a1b78a27578f13a17b -> 
  custom:container-demuxer-webm: 4f35f7cbe854078d1ac9338744f61a02 -> 
  custom:video-encoder-webm-vp8: eb34c28f22e8b96e1ab97ce403110664 -> 
  custom:video-codec-MediaFoundation-h265: 746d11721c4dcdbdad8f713fa42b33f4 -> 
  custom:CustomObjectIndexerAttribute: bc11b3a6c3213fcdd17b65e7da85e133 -> 
  custom:audio-encoder-webm-vorbis: bf7c407c2cedff20999df2af8eb42d56 -> 
  custom:framework-win-MediaFoundation: 216162199b28c13a410421893ffa2e32 -> 
  custom:SearchIndexIgnoredProperties: e643bd26f0fe6173181afceb89e7c659 -> 
  custom:container-demuxer-ogg: 62fdf1f143b41e24485cea50d1cbac27 -> 
  custom:video-decoder-webm-vp8: 9c59270c3fd7afecdb556c50c9e8de78 -> 
  custom:audio-decoder-ogg-vorbis: bf7c407c2cedff20999df2af8eb42d56 -> 
========================================================================
Received Import Request.
  Time since last request: 50.097089 seconds.
  path: Assets/SoloSousChef/Data/Cheese.asset
  artifactKey: Guid(d8e17858a936cd7428df1cbcfe678a71) Importer(815301076,1909f56bfc062723c751e8b465ee728b)
Number of updated assets reloaded before import = 0
Start importing Assets/SoloSousChef/Data/Cheese.asset using Guid(d8e17858a936cd7428df1cbcfe678a71) Importer(815301076,1909f56bfc062723c751e8b465ee728b)  -> (artifact id: 'bd65bc92ba455ecf94cde2d9fc1f831a') in 0.076562 seconds 
Number of asset objects unloaded after import = 2
========================================================================
Received Import Request.
  Time since last request: 10.641841 seconds.
  path: Assets/SoloSousChef/Data/Ingredients
  artifactKey: Guid(5b587e6e4ac892f42b254ee44a79e478) Importer(815301076,1909f56bfc062723c751e8b465ee728b)
Number of updated assets reloaded before import = 0
Start importing Assets/SoloSousChef/Data/Ingredients using Guid(5b587e6e4ac892f42b254ee44a79e478) Importer(815301076,1909f56bfc062723c751e8b465ee728b)  -> (artifact id: '3d9f342e92654d22cb9bf96426cedd62') in 0.034715 seconds 
Number of asset objects unloaded after import = 0
========================================================================
Received Import Request.
  Time since last request: 4.542414 seconds.
  path: Assets/SoloSousChef/Data/Ingredients/Meat.asset
  artifactKey: Guid(bf12445532f290a45a6436948cd84c3c) Importer(815301076,1909f56bfc062723c751e8b465ee728b)
Number of updated assets reloaded before import = 0
Start importing Assets/SoloSousChef/Data/Ingredients/Meat.asset using Guid(bf12445532f290a45a6436948cd84c3c) Importer(815301076,1909f56bfc062723c751e8b465ee728b)  -> (artifact id: 'a8aaac764373bf472fe7bfac524a4f65') in 0.027950 seconds 
Number of asset objects unloaded after import = 3
========================================================================
Received Import Request.
  Time since last request: 0.142387 seconds.
  path: Assets/SoloSousChef/Data/Ingredients/Tomato.asset
  artifactKey: Guid(91edd53c1e535b240a8102ece2013e25) Importer(815301076,1909f56bfc062723c751e8b465ee728b)
Number of updated assets reloaded before import = 0
Start importing Assets/SoloSousChef/Data/Ingredients/Tomato.asset using Guid(91edd53c1e535b240a8102ece2013e25) Importer(815301076,1909f56bfc062723c751e8b465ee728b)  -> (artifact id: 'a2ada0e11c2f8da864f98f83a9a19a1a') in 0.022175 seconds 
Number of asset objects unloaded after import = 3
========================================================================
Received Import Request.
  Time since last request: 23.149901 seconds.
  path: Assets/SoloSousChef/Sprites/UI
  artifactKey: Guid(583ba615b3374c5438767f28ef1116b5) Importer(815301076,1909f56bfc062723c751e8b465ee728b)
Number of updated assets reloaded before import = 0
Start importing Assets/SoloSousChef/Sprites/UI using Guid(583ba615b3374c5438767f28ef1116b5) Importer(815301076,1909f56bfc062723c751e8b465ee728b)  -> (artifact id: '12b677fac9853cf67eccc4e009d25657') in 0.036911 seconds 
Number of asset objects unloaded after import = 0
========================================================================
Received Import Request.
  Time since last request: 16.378866 seconds.
  path: Assets/SoloSousChef/Scripts/Fridge/FridgeDataConfig.cs
  artifactKey: Guid(4b04b9ca6d7107245a295524ef1489fb) Importer(815301076,1909f56bfc062723c751e8b465ee728b)
Number of updated assets reloaded before import = 0
Start importing Assets/SoloSousChef/Scripts/Fridge/FridgeDataConfig.cs using Guid(4b04b9ca6d7107245a295524ef1489fb) Importer(815301076,1909f56bfc062723c751e8b465ee728b)  -> (artifact id: '1d30b8e9ae4c44b8cd336aed97ea5945') in 0.097273 seconds 
Number of asset objects unloaded after import = 0
========================================================================
Received Import Request.
  Time since last request: 0.191169 seconds.
  path: Assets/SoloSousChef/Scripts/Fridge/FridgeInteractionHandler.cs
  artifactKey: Guid(a079344647751914fa40f751570f230b) Importer(815301076,1909f56bfc062723c751e8b465ee728b)
Number of updated assets reloaded before import = 0
Start importing Assets/SoloSousChef/Scripts/Fridge/FridgeInteractionHandler.cs using Guid(a079344647751914fa40f751570f230b) Importer(815301076,1909f56bfc062723c751e8b465ee728b)  -> (artifact id: '321718cf67fd875e47fd1808b2367361') in 0.032598 seconds 
Number of asset objects unloaded after import = 0
========================================================================
Received Import Request.
  Time since last request: 0.207622 seconds.
  path: Assets/SoloSousChef/Scripts/Fridge/FridgeView.cs
  artifactKey: Guid(27d85d8e4c8b82b4a89611b206312446) Importer(815301076,1909f56bfc062723c751e8b465ee728b)
Number of updated assets reloaded before import = 0
Start importing Assets/SoloSousChef/Scripts/Fridge/FridgeView.cs using Guid(27d85d8e4c8b82b4a89611b206312446) Importer(815301076,1909f56bfc062723c751e8b465ee728b)  -> (artifact id: '6552bf922bdc6b350787d979b601c3ee') in 0.021658 seconds 
Number of asset objects unloaded after import = 0
========================================================================
Received Import Request.
  Time since last request: 10.683859 seconds.
  path: Assets/SoloSousChef/Scripts/PlayerProfile
  artifactKey: Guid(be82f7c74331b3c40a4d9568d9617cb0) Importer(815301076,1909f56bfc062723c751e8b465ee728b)
Number of updated assets reloaded before import = 0
Start importing Assets/SoloSousChef/Scripts/PlayerProfile using Guid(be82f7c74331b3c40a4d9568d9617cb0) Importer(815301076,1909f56bfc062723c751e8b465ee728b)  -> (artifact id: 'e89aa1fa68f1fedfbe343e14e9fd0b75') in 0.024048 seconds 
Number of asset objects unloaded after import = 0
========================================================================
Received Import Request.
  Time since last request: 5.711260 seconds.
  path: Assets/SoloSousChef/Scripts/Station
  artifactKey: Guid(d9994f72d9266d74983b9841f7566d6c) Importer(815301076,1909f56bfc062723c751e8b465ee728b)
Number of updated assets reloaded before import = 0
Start importing Assets/SoloSousChef/Scripts/Station using Guid(d9994f72d9266d74983b9841f7566d6c) Importer(815301076,1909f56bfc062723c751e8b465ee728b)  -> (artifact id: 'ad5e456cbeb6f08874d87239f5afe6e0') in 0.037470 seconds 
Number of asset objects unloaded after import = 0
========================================================================
Received Import Request.
  Time since last request: 5.022953 seconds.
  path: Assets/SoloSousChef/Scripts/Station/ChoppingStationHandler.cs
  artifactKey: Guid(2e3e379fff42d764abe7d6b28603c095) Importer(815301076,1909f56bfc062723c751e8b465ee728b)
Number of updated assets reloaded before import = 0
Start importing Assets/SoloSousChef/Scripts/Station/ChoppingStationHandler.cs using Guid(2e3e379fff42d764abe7d6b28603c095) Importer(815301076,1909f56bfc062723c751e8b465ee728b)  -> (artifact id: 'df24e4dd299d6c025159be360ef715ab') in 0.031139 seconds 
Number of asset objects unloaded after import = 0
========================================================================
Received Import Request.
  Time since last request: 1.962799 seconds.
  path: Assets/SoloSousChef/Scripts/Station/StationVisualController.cs
  artifactKey: Guid(4e1f0cd1946c60b448011b2b8a5b77dc) Importer(815301076,1909f56bfc062723c751e8b465ee728b)
Number of updated assets reloaded before import = 0
Start importing Assets/SoloSousChef/Scripts/Station/StationVisualController.cs using Guid(4e1f0cd1946c60b448011b2b8a5b77dc) Importer(815301076,1909f56bfc062723c751e8b465ee728b)  -> (artifact id: '6427186f5ae2257d52bcc90ab90c723c') in 0.018586 seconds 
Number of asset objects unloaded after import = 0
========================================================================
Received Import Request.
  Time since last request: 43.289367 seconds.
  path: Assets/SoloSousChef/Scenes/MainScene.unity
  artifactKey: Guid(f17f92b184eeb4b49acf4c541376e4aa) Importer(815301076,1909f56bfc062723c751e8b465ee728b)
Number of updated assets reloaded before import = 0
Start importing Assets/SoloSousChef/Scenes/MainScene.unity using Guid(f17f92b184eeb4b49acf4c541376e4aa) Importer(815301076,1909f56bfc062723c751e8b465ee728b)  -> (artifact id: 'ea2c3bfe06da141756315dd68b6c0b76') in 5.013453 seconds 
Number of asset objects unloaded after import = 0
========================================================================
Received Prepare
Registering precompiled user dll's ...
Registered in 0.012223 seconds.
Begin MonoManager ReloadAssembly
Native extension for WindowsStandalone target not found
Native extension for Android target not found
Refreshing native plugins compatible for Editor in 1.15 ms, found 3 plugins.
Preloading 0 native plugins for Editor in 0.00 ms.
[Package Manager] Server::EnsureServerProcessIsRunning -- launch failed, reason: Unity was launched with the -noUpm command-line argument
[Package Manager] Cannot connect to Unity Package Manager local server
Mono: successfully reloaded assembly
- Completed reload, in  6.098 seconds
Domain Reload Profiling:
	ReloadAssembly (6103ms)
		BeginReloadAssembly (980ms)
			ExecutionOrderSort (0ms)
			DisableScriptedObjects (44ms)
			BackupInstance (0ms)
			ReleaseScriptingObjects (0ms)
			CreateAndSetChildDomain (423ms)
		EndReloadAssembly (4698ms)
			LoadAssemblies (1394ms)
			RebuildTransferFunctionScriptingTraits (0ms)
			SetupTypeCache (1008ms)
			ReleaseScriptCaches (5ms)
			RebuildScriptCaches (156ms)
			SetupLoadedEditorAssemblies (2064ms)
				LogAssemblyErrors (0ms)
				InitializePlatformSupportModulesInManaged (45ms)
				SetLoadedEditorAssemblies (1ms)
				RefreshPlugins (1ms)
				BeforeProcessingInitializeOnLoad (164ms)
				ProcessInitializeOnLoadAttributes (1761ms)
				ProcessInitializeOnLoadMethodAttributes (73ms)
				AfterProcessingInitializeOnLoad (18ms)
				EditorAssembliesLoaded (1ms)
			ExecutionOrderSort2 (0ms)
			AwakeInstancesAfterBackupRestoration (20ms)
Platform modules already initialized, skipping
Refreshing native plugins compatible for Editor in 1.23 ms, found 3 plugins.
Preloading 0 native plugins for Editor in 0.00 ms.
Unloading 3125 Unused Serialized files (Serialized files now loaded: 0)
Unloading 21 unused Assets / (22.0 KB). Loaded Objects now: 3620.
Memory consumption went from 109.6 MB to 109.5 MB.
Total: 15.742200 ms (FindLiveObjects: 0.703700 ms CreateObjectMapping: 0.642900 ms MarkObjects: 14.226400 ms  DeleteObjects: 0.165600 ms)

AssetImportParameters requested are different than current active one (requested -> active):
  custom:video-decoder-ogg-theora: a1e56fd34408186e4bbccfd4996cb3dc -> 
  custom:container-muxer-webm: aa71ff27fc2769a1b78a27578f13a17b -> 
  custom:container-demuxer-webm: 4f35f7cbe854078d1ac9338744f61a02 -> 
  custom:video-encoder-webm-vp8: eb34c28f22e8b96e1ab97ce403110664 -> 
  custom:video-codec-MediaFoundation-h265: 746d11721c4dcdbdad8f713fa42b33f4 -> 
  custom:CustomObjectIndexerAttribute: bc11b3a6c3213fcdd17b65e7da85e133 -> 
  custom:audio-encoder-webm-vorbis: bf7c407c2cedff20999df2af8eb42d56 -> 
  custom:framework-win-MediaFoundation: 216162199b28c13a410421893ffa2e32 -> 
  custom:SearchIndexIgnoredProperties: e643bd26f0fe6173181afceb89e7c659 -> 
  custom:container-demuxer-ogg: 62fdf1f143b41e24485cea50d1cbac27 -> 
  custom:video-decoder-webm-vp8: 9c59270c3fd7afecdb556c50c9e8de78 -> 
  custom:audio-decoder-ogg-vorbis: bf7c407c2cedff20999df2af8eb42d56 -> 
